Using pre-set license
Built from '2020.3/staging' branch; Version is '2020.3.17f1 (a4537701e4ab) revision 10769271'; Using compiler version '192528614'; Build Type 'Release'
OS: 'Windows 10 Pro; OS build 19044.1526; Version 2009; 64bit' Language: 'en' Physical Memory: 16334 MB
BatchMode: 1, IsHumanControllingUs: 0, StartBugReporterOnCrash: 0, Is64bit: 1, IsPro: 0

COMMAND LINE ARGUMENTS:
D:\Program Files\Unity\2020.3.17f1\Editor\Unity.exe
-adb2
-batchMode
-noUpm
-name
AssetImportWorker0
-projectPath
D:/~William/Documents/~WorkShop/Work/Totton College/Coursework/Programming Tech Demo/COSMIC PING 2D/COSMIC PING 2D
-logFile
Logs/AssetImportWorker0.log
-srvPort
56469
Successfully changed project path to: D:/~William/Documents/~WorkShop/Work/Totton College/Coursework/Programming Tech Demo/COSMIC PING 2D/COSMIC PING 2D
D:/~William/Documents/~WorkShop/Work/Totton College/Coursework/Programming Tech Demo/COSMIC PING 2D/COSMIC PING 2D
Using Asset Import Pipeline V2.
Refreshing native plugins compatible for Editor in 30.07 ms, found 2 plugins.
Preloading 0 native plugins for Editor in 0.00 ms.
Initialize engine version: 2020.3.17f1 (a4537701e4ab)
[Subsystems] Discovering subsystems at path D:/Program Files/Unity/2020.3.17f1/Editor/Data/Resources/UnitySubsystems
[Subsystems] Discovering subsystems at path D:/~William/Documents/~WorkShop/Work/Totton College/Coursework/Programming Tech Demo/COSMIC PING 2D/COSMIC PING 2D/Assets
GfxDevice: creating device client; threaded=0
Direct3D:
    Version:  Direct3D 11.0 [level 11.1]
    Renderer: Radeon RX 580 Series (ID=0x67df)
    Vendor:   
    VRAM:     8171 MB
    Driver:   30.0.13023.4001
Initialize mono
Mono path[0] = 'D:/Program Files/Unity/2020.3.17f1/Editor/Data/Managed'
Mono path[1] = 'D:/Program Files/Unity/2020.3.17f1/Editor/Data/MonoBleedingEdge/lib/mono/unityjit'
Mono config path = 'D:/Program Files/Unity/2020.3.17f1/Editor/Data/MonoBleedingEdge/etc'
Using monoOptions --debugger-agent=transport=dt_socket,embedding=1,server=y,suspend=n,address=127.0.0.1:56528
Begin MonoManager ReloadAssembly
Registering precompiled unity dll's ...
Register platform support module: D:/Program Files/Unity/2020.3.17f1/Editor/Data/PlaybackEngines/WindowsStandaloneSupport/UnityEditor.WindowsStandalone.Extensions.dll
Registered in 0.001393 seconds.
Native extension for WindowsStandalone target not found
Refreshing native plugins compatible for Editor in 28.39 ms, found 2 plugins.
Preloading 0 native plugins for Editor in 0.00 ms.
Mono: successfully reloaded assembly
- Completed reload, in  1.333 seconds
Domain Reload Profiling:
	ReloadAssembly (1333ms)
		BeginReloadAssembly (75ms)
			ExecutionOrderSort (0ms)
			DisableScriptedObjects (0ms)
			BackupInstance (0ms)
			ReleaseScriptingObjects (0ms)
			CreateAndSetChildDomain (1ms)
		EndReloadAssembly (428ms)
			LoadAssemblies (75ms)
			RebuildTransferFunctionScriptingTraits (0ms)
			SetupTypeCache (161ms)
			ReleaseScriptCaches (0ms)
			RebuildScriptCaches (30ms)
			SetupLoadedEditorAssemblies (165ms)
				LogAssemblyErrors (0ms)
				InitializePlatformSupportModulesInManaged (4ms)
				SetLoadedEditorAssemblies (0ms)
				RefreshPlugins (28ms)
				BeforeProcessingInitializeOnLoad (12ms)
				ProcessInitializeOnLoadAttributes (90ms)
				ProcessInitializeOnLoadMethodAttributes (29ms)
				AfterProcessingInitializeOnLoad (0ms)
				EditorAssembliesLoaded (0ms)
			ExecutionOrderSort2 (0ms)
			AwakeInstancesAfterBackupRestoration (0ms)
Platform modules already initialized, skipping
Registering precompiled user dll's ...
Registered in 0.004148 seconds.
Begin MonoManager ReloadAssembly
Native extension for WindowsStandalone target not found
Refreshing native plugins compatible for Editor in 0.34 ms, found 2 plugins.
Preloading 0 native plugins for Editor in 0.00 ms.
Mono: successfully reloaded assembly
- Completed reload, in  1.145 seconds
Domain Reload Profiling:
	ReloadAssembly (1146ms)
		BeginReloadAssembly (173ms)
			ExecutionOrderSort (0ms)
			DisableScriptedObjects (5ms)
			BackupInstance (0ms)
			ReleaseScriptingObjects (0ms)
			CreateAndSetChildDomain (20ms)
		EndReloadAssembly (908ms)
			LoadAssemblies (108ms)
			RebuildTransferFunctionScriptingTraits (0ms)
			SetupTypeCache (286ms)
			ReleaseScriptCaches (0ms)
			RebuildScriptCaches (44ms)
			SetupLoadedEditorAssemblies (391ms)
				LogAssemblyErrors (0ms)
				InitializePlatformSupportModulesInManaged (5ms)
				SetLoadedEditorAssemblies (0ms)
				RefreshPlugins (0ms)
				BeforeProcessingInitializeOnLoad (86ms)
				ProcessInitializeOnLoadAttributes (291ms)
				ProcessInitializeOnLoadMethodAttributes (4ms)
				AfterProcessingInitializeOnLoad (3ms)
				EditorAssembliesLoaded (0ms)
			ExecutionOrderSort2 (0ms)
			AwakeInstancesAfterBackupRestoration (7ms)
Platform modules already initialized, skipping
========================================================================
Worker process is ready to serve import requests
Launched and connected shader compiler UnityShaderCompiler.exe after 0.26 seconds
Refreshing native plugins compatible for Editor in 0.36 ms, found 2 plugins.
Preloading 0 native plugins for Editor in 0.00 ms.
Unloading 1397 Unused Serialized files (Serialized files now loaded: 0)
System memory in use before: 65.4 MB.
System memory in use after: 65.5 MB.

Unloading 18 unused Assets to reduce memory usage. Loaded Objects now: 1830.
Total: 3.088000 ms (FindLiveObjects: 0.147100 ms CreateObjectMapping: 0.034900 ms MarkObjects: 2.834400 ms  DeleteObjects: 0.070400 ms)

AssetImportParameters requested are different than current active one (requested -> active):
  custom:framework-win-MediaFoundation: 216162199b28c13a410421893ffa2e32 -> 
  custom:video-decoder-ogg-theora: a1e56fd34408186e4bbccfd4996cb3dc -> 
  custom:container-muxer-webm: aa71ff27fc2769a1b78a27578f13a17b -> 
  custom:container-demuxer-webm: 4f35f7cbe854078d1ac9338744f61a02 -> 
  custom:container-demuxer-ogg: 62fdf1f143b41e24485cea50d1cbac27 -> 
  custom:video-encoder-webm-vp8: eb34c28f22e8b96e1ab97ce403110664 -> 
  custom:video-codec-MediaFoundation-h265: 746d11721c4dcdbdad8f713fa42b33f4 -> 
  custom:video-decoder-webm-vp8: 9c59270c3fd7afecdb556c50c9e8de78 -> 
  custom:audio-decoder-ogg-vorbis: bf7c407c2cedff20999df2af8eb42d56 -> 
  custom:audio-encoder-webm-vorbis: bf7c407c2cedff20999df2af8eb42d56 -> 
========================================================================
Received Import Request.
  path: Assets/Scenes/SampleScene.unity
  artifactKey: Guid(9fc0d4010bbf28b4594072e72b8655ab) Importer(815301076,1909f56bfc062723c751e8b465ee728b)
Start importing Assets/Scenes/SampleScene.unity using Guid(9fc0d4010bbf28b4594072e72b8655ab) Importer(815301076,1909f56bfc062723c751e8b465ee728b)  -> (artifact id: '1ba7b5a42a6e7eff6d2158a9ab624919') in 0.018010 seconds 
  Import took 0.041481 seconds .

========================================================================
Received Import Request.
  Time since last request: 18.049580 seconds.
  path: Assets/Scenes/MainGameScene.unity
  artifactKey: Guid(9fc0d4010bbf28b4594072e72b8655ab) Importer(815301076,1909f56bfc062723c751e8b465ee728b)
Start importing Assets/Scenes/MainGameScene.unity using Guid(9fc0d4010bbf28b4594072e72b8655ab) Importer(815301076,1909f56bfc062723c751e8b465ee728b)  -> (artifact id: 'fafcd22dc2904c3508b226859ec2ec50') in 0.009615 seconds 
  Import took 0.041761 seconds .

========================================================================
Received Import Request.
  Time since last request: 11.947717 seconds.
  path: Assets/Scenes/Main Game Scene.unity
  artifactKey: Guid(9fc0d4010bbf28b4594072e72b8655ab) Importer(815301076,1909f56bfc062723c751e8b465ee728b)
Start importing Assets/Scenes/Main Game Scene.unity using Guid(9fc0d4010bbf28b4594072e72b8655ab) Importer(815301076,1909f56bfc062723c751e8b465ee728b)  -> (artifact id: '24b1f7c9686a0fca16567c56d581542b') in 0.009457 seconds 
  Import took 0.012148 seconds .

========================================================================
Received Import Request.
  Time since last request: 156.231829 seconds.
  path: Assets/Scenes
  artifactKey: Guid(4812371dda499fb4a9c20d7a87c47784) Importer(815301076,1909f56bfc062723c751e8b465ee728b)
Start importing Assets/Scenes using Guid(4812371dda499fb4a9c20d7a87c47784) Importer(815301076,1909f56bfc062723c751e8b465ee728b)  -> (artifact id: '84f4a4ddf9d1163fdb186002bf1a6536') in 0.008891 seconds 
  Import took 0.037240 seconds .

========================================================================
Received Import Request.
  Time since last request: 7.834118 seconds.
  path: Assets/Scenes/MainGame.unity
  artifactKey: Guid(9fc0d4010bbf28b4594072e72b8655ab) Importer(815301076,1909f56bfc062723c751e8b465ee728b)
Start importing Assets/Scenes/MainGame.unity using Guid(9fc0d4010bbf28b4594072e72b8655ab) Importer(815301076,1909f56bfc062723c751e8b465ee728b)  -> (artifact id: '6918cedaca18a3038ce7fedf1865e755') in 0.009270 seconds 
  Import took 0.041770 seconds .

========================================================================
Received Import Request.
  Time since last request: 1094.772080 seconds.
  path: Assets
  artifactKey: Guid(00000000000000001000000000000000) Importer(815301076,1909f56bfc062723c751e8b465ee728b)
Start importing Assets using Guid(00000000000000001000000000000000) Importer(815301076,1909f56bfc062723c751e8b465ee728b)  -> (artifact id: '42d402b061de3733987d63b9cc3b64de') in 0.014316 seconds 
  Import took 0.081515 seconds .

========================================================================
Received Import Request.
  Time since last request: 4.306452 seconds.
  path: Assets/Scripts
  artifactKey: Guid(32559b045a8aba243b6f0c85e1b08e2b) Importer(815301076,1909f56bfc062723c751e8b465ee728b)
Start importing Assets/Scripts using Guid(32559b045a8aba243b6f0c85e1b08e2b) Importer(815301076,1909f56bfc062723c751e8b465ee728b)  -> (artifact id: 'a0da4857d0abd67ed44ac1128d20ab9e') in 0.009229 seconds 
  Import took 0.042370 seconds .

========================================================================
Received Prepare
Registering precompiled user dll's ...
Registered in 0.004192 seconds.
Begin MonoManager ReloadAssembly
Native extension for WindowsStandalone target not found
Refreshing native plugins compatible for Editor in 0.34 ms, found 2 plugins.
Preloading 0 native plugins for Editor in 0.00 ms.
Mono: successfully reloaded assembly
- Completed reload, in  1.063 seconds
Domain Reload Profiling:
	ReloadAssembly (1063ms)
		BeginReloadAssembly (129ms)
			ExecutionOrderSort (0ms)
			DisableScriptedObjects (5ms)
			BackupInstance (0ms)
			ReleaseScriptingObjects (0ms)
			CreateAndSetChildDomain (32ms)
		EndReloadAssembly (870ms)
			LoadAssemblies (110ms)
			RebuildTransferFunctionScriptingTraits (0ms)
			SetupTypeCache (282ms)
			ReleaseScriptCaches (1ms)
			RebuildScriptCaches (37ms)
			SetupLoadedEditorAssemblies (361ms)
				LogAssemblyErrors (0ms)
				InitializePlatformSupportModulesInManaged (5ms)
				SetLoadedEditorAssemblies (0ms)
				RefreshPlugins (0ms)
				BeforeProcessingInitializeOnLoad (77ms)
				ProcessInitializeOnLoadAttributes (271ms)
				ProcessInitializeOnLoadMethodAttributes (4ms)
				AfterProcessingInitializeOnLoad (3ms)
				EditorAssembliesLoaded (0ms)
			ExecutionOrderSort2 (0ms)
			AwakeInstancesAfterBackupRestoration (7ms)
Platform modules already initialized, skipping
Refreshing native plugins compatible for Editor in 0.56 ms, found 2 plugins.
Preloading 0 native plugins for Editor in 0.00 ms.
Unloading 1391 Unused Serialized files (Serialized files now loaded: 0)
System memory in use before: 65.2 MB.
System memory in use after: 65.4 MB.

Unloading 13 unused Assets to reduce memory usage. Loaded Objects now: 1832.
Total: 3.102800 ms (FindLiveObjects: 0.170900 ms CreateObjectMapping: 0.033400 ms MarkObjects: 2.874900 ms  DeleteObjects: 0.022100 ms)

AssetImportParameters requested are different than current active one (requested -> active):
  custom:framework-win-MediaFoundation: 216162199b28c13a410421893ffa2e32 -> 
  custom:video-decoder-ogg-theora: a1e56fd34408186e4bbccfd4996cb3dc -> 
  custom:container-muxer-webm: aa71ff27fc2769a1b78a27578f13a17b -> 
  custom:container-demuxer-webm: 4f35f7cbe854078d1ac9338744f61a02 -> 
  custom:container-demuxer-ogg: 62fdf1f143b41e24485cea50d1cbac27 -> 
  custom:video-encoder-webm-vp8: eb34c28f22e8b96e1ab97ce403110664 -> 
  custom:video-codec-MediaFoundation-h265: 746d11721c4dcdbdad8f713fa42b33f4 -> 
  custom:video-decoder-webm-vp8: 9c59270c3fd7afecdb556c50c9e8de78 -> 
  custom:audio-decoder-ogg-vorbis: bf7c407c2cedff20999df2af8eb42d56 -> 
  custom:audio-encoder-webm-vorbis: bf7c407c2cedff20999df2af8eb42d56 -> 
========================================================================
Received Import Request.
  Time since last request: 1213.273743 seconds.
  path: Assets/Prefabs
  artifactKey: Guid(b6a3aa278465820449bd406bfbd1c9f3) Importer(815301076,1909f56bfc062723c751e8b465ee728b)
Start importing Assets/Prefabs using Guid(b6a3aa278465820449bd406bfbd1c9f3) Importer(815301076,1909f56bfc062723c751e8b465ee728b)  -> (artifact id: '16c33a5146a28f369cf5193247bbbbe5') in 0.011661 seconds 
  Import took 0.014149 seconds .

========================================================================
Received Import Request.
  Time since last request: 23.523279 seconds.
  path: Assets/Paddle.prefab
  artifactKey: Guid(f069e0d64adb8f94e8c231588051409b) Importer(815301076,1909f56bfc062723c751e8b465ee728b)
Start importing Assets/Paddle.prefab using Guid(f069e0d64adb8f94e8c231588051409b) Importer(815301076,1909f56bfc062723c751e8b465ee728b)  -> (artifact id: 'cd58d2e25e675f87829bb1765d3769d0') in 0.081847 seconds 
  Import took 0.084408 seconds .

========================================================================
Received Import Request.
  Time since last request: 38.399947 seconds.
  path: Assets/Prefabs/Energy Orb.prefab
  artifactKey: Guid(695b3a777b1d0a34497080a574babdb3) Importer(815301076,1909f56bfc062723c751e8b465ee728b)
Start importing Assets/Prefabs/Energy Orb.prefab using Guid(695b3a777b1d0a34497080a574babdb3) Importer(815301076,1909f56bfc062723c751e8b465ee728b)  -> (artifact id: 'f0e4b2e88908756b5efaf358d9899f29') in 0.012164 seconds 
  Import took 0.015133 seconds .

========================================================================
Received Import Request.
  Time since last request: 0.000370 seconds.
  path: Assets/Prefabs/Energy Orb.prefab
  artifactKey: Guid(695b3a777b1d0a34497080a574babdb3) Importer(815301076,1909f56bfc062723c751e8b465ee728b)
Start importing Assets/Prefabs/Energy Orb.prefab using Guid(695b3a777b1d0a34497080a574babdb3) Importer(815301076,1909f56bfc062723c751e8b465ee728b)  -> (artifact id: 'f0e4b2e88908756b5efaf358d9899f29') in 0.026337 seconds 
  Import took 0.028879 seconds .

========================================================================
Received Import Request.
  Time since last request: 3362.775234 seconds.
  path: Assets/Prefabs/Paddle.prefab
  artifactKey: Guid(f069e0d64adb8f94e8c231588051409b) Importer(815301076,1909f56bfc062723c751e8b465ee728b)
Start importing Assets/Prefabs/Paddle.prefab using Guid(f069e0d64adb8f94e8c231588051409b) Importer(815301076,1909f56bfc062723c751e8b465ee728b)  -> (artifact id: 'ab08fb39d5992bb624c4dfd2a47793cb') in 0.122265 seconds 
  Import took 0.139468 seconds .

========================================================================
Received Import Request.
  Time since last request: 85.262876 seconds.
  path: Assets/Prefabs/Paddle.prefab
  artifactKey: Guid(f069e0d64adb8f94e8c231588051409b) Importer(815301076,1909f56bfc062723c751e8b465ee728b)
Start importing Assets/Prefabs/Paddle.prefab using Guid(f069e0d64adb8f94e8c231588051409b) Importer(815301076,1909f56bfc062723c751e8b465ee728b)  -> (artifact id: 'f65d463969e77fd295203a76b723708a') in 0.019234 seconds 
  Import took 0.041613 seconds .

========================================================================
Received Import Request.
  Time since last request: 10.821716 seconds.
  path: Assets/Prefabs/Paddle.prefab
  artifactKey: Guid(f069e0d64adb8f94e8c231588051409b) Importer(815301076,1909f56bfc062723c751e8b465ee728b)
Start importing Assets/Prefabs/Paddle.prefab using Guid(f069e0d64adb8f94e8c231588051409b) Importer(815301076,1909f56bfc062723c751e8b465ee728b)  -> (artifact id: '4d7f104884c1aaa0367541e7a665193f') in 0.009531 seconds 
  Import took 0.042846 seconds .

========================================================================
Received Import Request.
  Time since last request: 38.825742 seconds.
  path: Assets/Scripts/PaddleController.cs
  artifactKey: Guid(2f2ad49eba74e6d4da8fc88c022e6376) Importer(815301076,1909f56bfc062723c751e8b465ee728b)
Start importing Assets/Scripts/PaddleController.cs using Guid(2f2ad49eba74e6d4da8fc88c022e6376) Importer(815301076,1909f56bfc062723c751e8b465ee728b)  -> (artifact id: 'f3e294702a0ac2fd9859b92307370819') in 0.023053 seconds 
  Import took 0.030114 seconds .

========================================================================
Received Prepare
Registering precompiled user dll's ...
Registered in 0.004469 seconds.
Begin MonoManager ReloadAssembly
Native extension for WindowsStandalone target not found
Refreshing native plugins compatible for Editor in 0.37 ms, found 2 plugins.
Preloading 0 native plugins for Editor in 0.00 ms.
Mono: successfully reloaded assembly
- Completed reload, in  1.082 seconds
Domain Reload Profiling:
	ReloadAssembly (1082ms)
		BeginReloadAssembly (132ms)
			ExecutionOrderSort (0ms)
			DisableScriptedObjects (5ms)
			BackupInstance (0ms)
			ReleaseScriptingObjects (0ms)
			CreateAndSetChildDomain (34ms)
		EndReloadAssembly (881ms)
			LoadAssemblies (110ms)
			RebuildTransferFunctionScriptingTraits (0ms)
			SetupTypeCache (282ms)
			ReleaseScriptCaches (1ms)
			RebuildScriptCaches (40ms)
			SetupLoadedEditorAssemblies (361ms)
				LogAssemblyErrors (0ms)
				InitializePlatformSupportModulesInManaged (5ms)
				SetLoadedEditorAssemblies (0ms)
				RefreshPlugins (0ms)
				BeforeProcessingInitializeOnLoad (84ms)
				ProcessInitializeOnLoadAttributes (263ms)
				ProcessInitializeOnLoadMethodAttributes (4ms)
				AfterProcessingInitializeOnLoad (3ms)
				EditorAssembliesLoaded (0ms)
			ExecutionOrderSort2 (0ms)
			AwakeInstancesAfterBackupRestoration (8ms)
Platform modules already initialized, skipping
Refreshing native plugins compatible for Editor in 0.36 ms, found 2 plugins.
Preloading 0 native plugins for Editor in 0.00 ms.
Unloading 1392 Unused Serialized files (Serialized files now loaded: 0)
System memory in use before: 68.4 MB.
System memory in use after: 68.5 MB.

Unloading 14 unused Assets to reduce memory usage. Loaded Objects now: 1843.
Total: 3.006100 ms (FindLiveObjects: 0.156900 ms CreateObjectMapping: 0.037000 ms MarkObjects: 2.789600 ms  DeleteObjects: 0.021400 ms)

AssetImportParameters requested are different than current active one (requested -> active):
  custom:framework-win-MediaFoundation: 216162199b28c13a410421893ffa2e32 -> 
  custom:video-decoder-ogg-theora: a1e56fd34408186e4bbccfd4996cb3dc -> 
  custom:container-muxer-webm: aa71ff27fc2769a1b78a27578f13a17b -> 
  custom:container-demuxer-webm: 4f35f7cbe854078d1ac9338744f61a02 -> 
  custom:container-demuxer-ogg: 62fdf1f143b41e24485cea50d1cbac27 -> 
  custom:video-encoder-webm-vp8: eb34c28f22e8b96e1ab97ce403110664 -> 
  custom:video-codec-MediaFoundation-h265: 746d11721c4dcdbdad8f713fa42b33f4 -> 
  custom:video-decoder-webm-vp8: 9c59270c3fd7afecdb556c50c9e8de78 -> 
  custom:audio-decoder-ogg-vorbis: bf7c407c2cedff20999df2af8eb42d56 -> 
  custom:audio-encoder-webm-vorbis: bf7c407c2cedff20999df2af8eb42d56 -> 
========================================================================
Received Import Request.
  Time since last request: 60.302738 seconds.
  path: Assets/Materials
  artifactKey: Guid(75168279be527f848a983d1df1d89e13) Importer(815301076,1909f56bfc062723c751e8b465ee728b)
Start importing Assets/Materials using Guid(75168279be527f848a983d1df1d89e13) Importer(815301076,1909f56bfc062723c751e8b465ee728b)  -> (artifact id: 'e1db95b3be6c8d465470f5cb6587777a') in 0.010261 seconds 
  Import took 0.012772 seconds .

========================================================================
Received Import Request.
  Time since last request: 9.955750 seconds.
  path: Assets/Materials/New Material.mat
  artifactKey: Guid(99b90579fc5565645ae7af8e30ed9c89) Importer(815301076,1909f56bfc062723c751e8b465ee728b)
Start importing Assets/Materials/New Material.mat using Guid(99b90579fc5565645ae7af8e30ed9c89) Importer(815301076,1909f56bfc062723c751e8b465ee728b)  -> (artifact id: '08e5ceb168997774b9c6e1d498f3de17') in 0.137440 seconds 
  Import took 0.150861 seconds .

========================================================================
Received Import Request.
  Time since last request: 1254.875192 seconds.
  path: Assets/Prefabs/Paddle.prefab
  artifactKey: Guid(f069e0d64adb8f94e8c231588051409b) Importer(815301076,1909f56bfc062723c751e8b465ee728b)
Start importing Assets/Prefabs/Paddle.prefab using Guid(f069e0d64adb8f94e8c231588051409b) Importer(815301076,1909f56bfc062723c751e8b465ee728b)  -> (artifact id: '5dc0feadabd2cb2ee6e2107363d5f8c7') in 0.034853 seconds 
  Import took 0.060126 seconds .

========================================================================
Received Import Request.
  Time since last request: 10.344441 seconds.
  path: Assets/Prefabs/Energy Orb.prefab
  artifactKey: Guid(695b3a777b1d0a34497080a574babdb3) Importer(815301076,1909f56bfc062723c751e8b465ee728b)
Start importing Assets/Prefabs/Energy Orb.prefab using Guid(695b3a777b1d0a34497080a574babdb3) Importer(815301076,1909f56bfc062723c751e8b465ee728b)  -> (artifact id: 'c206a24213cef01c707eb311be3e4438') in 0.038763 seconds 
  Import took 0.048030 seconds .

========================================================================
Received Import Request.
  Time since last request: 21.901353 seconds.
  path: Assets/Prefabs/Energy Orb.prefab
  artifactKey: Guid(695b3a777b1d0a34497080a574babdb3) Importer(815301076,1909f56bfc062723c751e8b465ee728b)
Start importing Assets/Prefabs/Energy Orb.prefab using Guid(695b3a777b1d0a34497080a574babdb3) Importer(815301076,1909f56bfc062723c751e8b465ee728b)  -> (artifact id: '795ebec72ae27bf5a10cf570a538859a') in 0.028698 seconds 
  Import took 0.031344 seconds .

========================================================================
Received Import Request.
  Time since last request: 33.367392 seconds.
  path: Assets/Prefabs/Paddle.prefab
  artifactKey: Guid(f069e0d64adb8f94e8c231588051409b) Importer(815301076,1909f56bfc062723c751e8b465ee728b)
Start importing Assets/Prefabs/Paddle.prefab using Guid(f069e0d64adb8f94e8c231588051409b) Importer(815301076,1909f56bfc062723c751e8b465ee728b)  -> (artifact id: '8f61162f45acdacd025ecf86070763e5') in 0.011305 seconds 
  Import took 0.013765 seconds .

========================================================================
Received Import Request.
  Time since last request: 2906.794684 seconds.
  path: Assets/Scripts/OrbController.cs
  artifactKey: Guid(6aeffc05c816c3943adb81291117728e) Importer(815301076,1909f56bfc062723c751e8b465ee728b)
Start importing Assets/Scripts/OrbController.cs using Guid(6aeffc05c816c3943adb81291117728e) Importer(815301076,1909f56bfc062723c751e8b465ee728b)  -> (artifact id: '65c1b8615cbe73398d3fdc34444ecf07') in 0.009405 seconds 
  Import took 0.039157 seconds .

========================================================================
Received Prepare
Registering precompiled user dll's ...
Registered in 0.004454 seconds.
Begin MonoManager ReloadAssembly
Native extension for WindowsStandalone target not found
Refreshing native plugins compatible for Editor in 0.36 ms, found 2 plugins.
Preloading 0 native plugins for Editor in 0.00 ms.
Mono: successfully reloaded assembly
- Completed reload, in  1.095 seconds
Domain Reload Profiling:
	ReloadAssembly (1096ms)
		BeginReloadAssembly (144ms)
			ExecutionOrderSort (0ms)
			DisableScriptedObjects (6ms)
			BackupInstance (0ms)
			ReleaseScriptingObjects (0ms)
			CreateAndSetChildDomain (42ms)
		EndReloadAssembly (888ms)
			LoadAssemblies (114ms)
			RebuildTransferFunctionScriptingTraits (0ms)
			SetupTypeCache (271ms)
			ReleaseScriptCaches (1ms)
			RebuildScriptCaches (43ms)
			SetupLoadedEditorAssemblies (375ms)
				LogAssemblyErrors (0ms)
				InitializePlatformSupportModulesInManaged (5ms)
				SetLoadedEditorAssemblies (0ms)
				RefreshPlugins (0ms)
				BeforeProcessingInitializeOnLoad (86ms)
				ProcessInitializeOnLoadAttributes (276ms)
				ProcessInitializeOnLoadMethodAttributes (4ms)
				AfterProcessingInitializeOnLoad (3ms)
				EditorAssembliesLoaded (0ms)
			ExecutionOrderSort2 (0ms)
			AwakeInstancesAfterBackupRestoration (8ms)
Platform modules already initialized, skipping
Refreshing native plugins compatible for Editor in 0.35 ms, found 2 plugins.
Preloading 0 native plugins for Editor in 0.00 ms.
Unloading 1393 Unused Serialized files (Serialized files now loaded: 0)
System memory in use before: 68.7 MB.
System memory in use after: 68.9 MB.

Unloading 14 unused Assets to reduce memory usage. Loaded Objects now: 1881.
Total: 2.939700 ms (FindLiveObjects: 0.171800 ms CreateObjectMapping: 0.033200 ms MarkObjects: 2.708500 ms  DeleteObjects: 0.025000 ms)

AssetImportParameters requested are different than current active one (requested -> active):
  custom:framework-win-MediaFoundation: 216162199b28c13a410421893ffa2e32 -> 
  custom:video-decoder-ogg-theora: a1e56fd34408186e4bbccfd4996cb3dc -> 
  custom:container-muxer-webm: aa71ff27fc2769a1b78a27578f13a17b -> 
  custom:container-demuxer-webm: 4f35f7cbe854078d1ac9338744f61a02 -> 
  custom:container-demuxer-ogg: 62fdf1f143b41e24485cea50d1cbac27 -> 
  custom:video-encoder-webm-vp8: eb34c28f22e8b96e1ab97ce403110664 -> 
  custom:video-codec-MediaFoundation-h265: 746d11721c4dcdbdad8f713fa42b33f4 -> 
  custom:video-decoder-webm-vp8: 9c59270c3fd7afecdb556c50c9e8de78 -> 
  custom:audio-decoder-ogg-vorbis: bf7c407c2cedff20999df2af8eb42d56 -> 
  custom:audio-encoder-webm-vorbis: bf7c407c2cedff20999df2af8eb42d56 -> 
========================================================================
Received Import Request.
  Time since last request: 69.861942 seconds.
  path: Assets/Scripts/PlayingFieldController.cs
  artifactKey: Guid(f6588d4e1e2dbbf47af2606823ddd23d) Importer(815301076,1909f56bfc062723c751e8b465ee728b)
Start importing Assets/Scripts/PlayingFieldController.cs using Guid(f6588d4e1e2dbbf47af2606823ddd23d) Importer(815301076,1909f56bfc062723c751e8b465ee728b)  -> (artifact id: '20265d32b7aae7f81c1c3a5a4241ccdd') in 0.011144 seconds 
  Import took 0.013616 seconds .

========================================================================
Received Import Request.
  Time since last request: 0.003921 seconds.
  path: Assets/Scripts/PlayingFieldController.cs
  artifactKey: Guid(f6588d4e1e2dbbf47af2606823ddd23d) Importer(815301076,1909f56bfc062723c751e8b465ee728b)
Start importing Assets/Scripts/PlayingFieldController.cs using Guid(f6588d4e1e2dbbf47af2606823ddd23d) Importer(815301076,1909f56bfc062723c751e8b465ee728b)  -> (artifact id: '20265d32b7aae7f81c1c3a5a4241ccdd') in 0.002372 seconds 
  Import took 0.004748 seconds .

========================================================================
Received Prepare
Registering precompiled user dll's ...
Registered in 0.004127 seconds.
Begin MonoManager ReloadAssembly
Native extension for WindowsStandalone target not found
Refreshing native plugins compatible for Editor in 0.35 ms, found 2 plugins.
Preloading 0 native plugins for Editor in 0.00 ms.
Mono: successfully reloaded assembly
- Completed reload, in  1.066 seconds
Domain Reload Profiling:
	ReloadAssembly (1067ms)
		BeginReloadAssembly (132ms)
			ExecutionOrderSort (0ms)
			DisableScriptedObjects (5ms)
			BackupInstance (0ms)
			ReleaseScriptingObjects (0ms)
			CreateAndSetChildDomain (31ms)
		EndReloadAssembly (869ms)
			LoadAssemblies (109ms)
			RebuildTransferFunctionScriptingTraits (0ms)
			SetupTypeCache (283ms)
			ReleaseScriptCaches (1ms)
			RebuildScriptCaches (38ms)
			SetupLoadedEditorAssemblies (358ms)
				LogAssemblyErrors (0ms)
				InitializePlatformSupportModulesInManaged (5ms)
				SetLoadedEditorAssemblies (0ms)
				RefreshPlugins (0ms)
				BeforeProcessingInitializeOnLoad (78ms)
				ProcessInitializeOnLoadAttributes (266ms)
				ProcessInitializeOnLoadMethodAttributes (4ms)
				AfterProcessingInitializeOnLoad (4ms)
				EditorAssembliesLoaded (0ms)
			ExecutionOrderSort2 (0ms)
			AwakeInstancesAfterBackupRestoration (7ms)
Platform modules already initialized, skipping
Refreshing native plugins compatible for Editor in 0.33 ms, found 2 plugins.
Preloading 0 native plugins for Editor in 0.00 ms.
Unloading 1394 Unused Serialized files (Serialized files now loaded: 0)
System memory in use before: 68.8 MB.
System memory in use after: 68.9 MB.

Unloading 13 unused Assets to reduce memory usage. Loaded Objects now: 1884.
Total: 2.907200 ms (FindLiveObjects: 0.149200 ms CreateObjectMapping: 0.033400 ms MarkObjects: 2.709100 ms  DeleteObjects: 0.014400 ms)

AssetImportParameters requested are different than current active one (requested -> active):
  custom:framework-win-MediaFoundation: 216162199b28c13a410421893ffa2e32 -> 
  custom:video-decoder-ogg-theora: a1e56fd34408186e4bbccfd4996cb3dc -> 
  custom:container-muxer-webm: aa71ff27fc2769a1b78a27578f13a17b -> 
  custom:container-demuxer-webm: 4f35f7cbe854078d1ac9338744f61a02 -> 
  custom:container-demuxer-ogg: 62fdf1f143b41e24485cea50d1cbac27 -> 
  custom:video-encoder-webm-vp8: eb34c28f22e8b96e1ab97ce403110664 -> 
  custom:video-codec-MediaFoundation-h265: 746d11721c4dcdbdad8f713fa42b33f4 -> 
  custom:video-decoder-webm-vp8: 9c59270c3fd7afecdb556c50c9e8de78 -> 
  custom:audio-decoder-ogg-vorbis: bf7c407c2cedff20999df2af8eb42d56 -> 
  custom:audio-encoder-webm-vorbis: bf7c407c2cedff20999df2af8eb42d56 -> 
========================================================================
Received Import Request.
  Time since last request: 20.534647 seconds.
  path: Assets/Prefabs/Paddle.prefab
  artifactKey: Guid(f069e0d64adb8f94e8c231588051409b) Importer(815301076,1909f56bfc062723c751e8b465ee728b)
Start importing Assets/Prefabs/Paddle.prefab using Guid(f069e0d64adb8f94e8c231588051409b) Importer(815301076,1909f56bfc062723c751e8b465ee728b)  -> (artifact id: '1ac223f71eb73abdc268b03aab5c1e26') in 0.064604 seconds 
  Import took 0.085038 seconds .

AssetImportWorkerClient::OnTransportError - code=2 error=End of file
